<?xml version="1.0" encoding="UTF-8"?>
<testng-results ignored="0" total="1" passed="1" failed="0" skipped="0">
  <reporter-output>
  </reporter-output>
  <suite started-at="2022-07-27T04:30:02 AST" name="Default suite" finished-at="2022-07-27T04:30:20 AST" duration-ms="17362">
    <groups>
    </groups>
    <test started-at="2022-07-27T04:30:02 AST" name="Default test" finished-at="2022-07-27T04:30:20 AST" duration-ms="17362">
      <class name="ass2ExampleContainTypeofXPath.ChromWebDriver">
        <test-method is-config="true" signature="setUp()[pri:0, instance:ass2ExampleContainTypeofXPath.ChromWebDriver@5be6e01c]" started-at="2022-07-27T04:30:02 AST" name="setUp" finished-at="2022-07-27T04:30:08 AST" duration-ms="5928" status="PASS">
          <reporter-output>
          </reporter-output>
        </test-method> <!-- setUp -->
        <test-method signature="LearnEnglishWebSite()[pri:0, instance:ass2ExampleContainTypeofXPath.ChromWebDriver@5be6e01c]" started-at="2022-07-27T04:30:08 AST" name="LearnEnglishWebSite" finished-at="2022-07-27T04:30:19 AST" duration-ms="11153" status="PASS">
          <reporter-output>
          </reporter-output>
        </test-method> <!-- LearnEnglishWebSite -->
        <test-method is-config="true" signature="terminateBrowser()[pri:0, instance:ass2ExampleContainTypeofXPath.ChromWebDriver@5be6e01c]" started-at="2022-07-27T04:30:19 AST" name="terminateBrowser" finished-at="2022-07-27T04:30:20 AST" duration-ms="231" status="PASS">
          <reporter-output>
          </reporter-output>
        </test-method> <!-- terminateBrowser -->
      </class> <!-- ass2ExampleContainTypeofXPath.ChromWebDriver -->
    </test> <!-- Default test -->
  </suite> <!-- Default suite -->
</testng-results>
